     16384	        16	  551.7241	42.389 %
     16384	        32	  592.5926	42.291 %
     16384	        64	  592.5926	41.333 %
     16384	       128	  592.5926	41.968 %
     32768	        16	  997.0789	42.062 %
     32768	        32	 1060.0414	41.794 %
     32768	        64	 1099.8926	41.766 %
     32768	       128	  995.1409	41.974 %
     65536	        16	 1768.5665	42.009 %
     65536	        32	 1946.7681	41.873 %
     65536	        64	 2135.5578	42.177 %
     65536	       128	 2218.8516	41.609 %
    131072	        16	 3027.3465	41.935 %
    131072	        32	 3540.1903	42.097 %
    131072	        64	 3860.5088	41.827 %
    131072	       128	 4047.4307	42.076 %
    262144	        16	 4511.0133	42.052 %
    262144	        32	 6375.0972	42.023 %
    262144	        64	 7670.4121	41.889 %
    262144	       128	 7481.2788	41.902 %
    524288	        16	 5983.9301	42.053 %
    524288	        32	 8114.9083	42.108 %
    524288	        64	10922.6666	42.033 %
    524288	       128	12402.7248	41.989 %
   1024000	        16	 6859.5929	41.951 %
   1024000	        32	10641.8354	42.045 %
   1024000	        64	16268.4284	41.970 %
   1024000	       128	15732.5476	42.030 %
